<?xml version="1.0" encoding="UTF-8"?>
<!-- Generated by org.testng.reporters.JUnitReportReporter -->
<testsuite skipped="0" hostname="DESKTOP-146C0CD" name="Testcase.TC_GOIbibo_Test" tests="1" failures="0" timestamp="2022-07-29T15:08:41 IST" time="37.648" errors="0">
  <testcase name="main" time="37.648" classname="Testcase.TC_GOIbibo_Test"/>
  <system-out/>
</testsuite> <!-- Testcase.TC_GOIbibo_Test -->
