<?xml version="1.0" encoding="UTF-8"?>
<!-- Generated by org.testng.reporters.JUnitReportReporter -->
<testsuite skipped="0" hostname="DESKTOP-146C0CD" name="Testcase.TC_Pepsi_Test" tests="1" failures="0" timestamp="2022-08-09T10:40:28 IST" time="36.317" errors="0">
  <testcase name="main" time="36.317" classname="Testcase.TC_Pepsi_Test"/>
  <system-out/>
</testsuite> <!-- Testcase.TC_Pepsi_Test -->
