<?xml version="1.0" encoding="UTF-8"?>
<!-- Generated by org.testng.reporters.JUnitReportReporter -->
<testsuite skipped="0" hostname="DESKTOP-146C0CD" name="maven_paramaters.To_read_the_data_from_maver" tests="1" failures="0" timestamp="2022-08-02T10:36:14 IST" time="0.046" errors="0">
  <testcase name="readdata" time="0.046" classname="maven_paramaters.To_read_the_data_from_maver"/>
  <system-out/>
</testsuite> <!-- maven_paramaters.To_read_the_data_from_maver -->
