<?xml version="1.0" encoding="UTF-8"?>
<!-- Generated by org.testng.reporters.JUnitReportReporter -->
<testsuite skipped="0" hostname="DESKTOP-146C0CD" name="Testcase.TC_airtel_002_Test" tests="1" failures="0" timestamp="2022-08-09T10:40:28 IST" time="3.534" errors="0">
  <testcase name="demo" time="3.534" classname="Testcase.TC_airtel_002_Test"/>
  <system-out/>
</testsuite> <!-- Testcase.TC_airtel_002_Test -->
